
[Entry #1] - Initialize audit activity logging
[Entry #2] - Log user correspondence request
[Entry #3] - Track new file upload event
[Entry #4] - Adjust RLS config note
[Entry #5] - Update document status metadata
[Entry #6] - Patch role access anomaly
[Entry #7] - Log Supabase storage update
[Entry #8] - Refactor data retrieval
[Entry #9] - Register email dispatch activity
[Entry #10] - Improve logging detail level
[Entry #11] - Track login for admin user
[Entry #12] - Insert department match log
[Entry #13] - Resolve file link issue
[Entry #14] - Update registry fetch results
[Entry #15] - Document dashboard query
[Entry #16] - Fix upload path bug
[Entry #17] - Trace session ID conflict
[Entry #18] - Clean redundant metadata entry
[Entry #19] - Correct registry date mismatch
[Entry #20] - Archive completed correspondence
[Entry #21] - Validate storage reference hash
[Entry #22] - Note role update trigger
[Entry #23] - Enhance file audit logs
[Entry #24] - Log export action to PDF
[Entry #25] - Confirm deletion queue
[Entry #1] - Add record for new incoming mail
[Entry #2] - Flag document as reviewed
[Entry #3] - Log outbound dispatch confirmation
[Entry #4] - Fix metadata mismatch for letter ID
[Entry #5] - Track bulk upload processing
[Entry #6] - Clean up expired token logs
[Entry #7] - Update RLS rule verification
[Entry #8] - Register document view from admin
[Entry #9] - Confirm departmental ownership of files
[Entry #10] - Fix incorrect sender name in entry
[Entry #11] - Refactor registry matching algorithm
[Entry #12] - Note override of file access control
